In file included from [01m[K/home/gusti/FinalProjectBayucaraka24/src/control/src/control.cpp:5[m[K:
[01m[K/opt/ros/foxy/include/cv_bridge/cv_bridge.h:43:10:[m[K [01;31m[Kfatal error: [m[Kopencv2/core/core.hpp: No such file or directory
   43 | #include [01;31m[K<opencv2/core/core.hpp>[m[K
      |          [01;31m[K^~~~~~~~~~~~~~~~~~~~~~~[m[K
compilation terminated.
make[2]: *** [CMakeFiles/control.dir/build.make:76: CMakeFiles/control.dir/src/control.cpp.o] Error 1
make[1]: *** [CMakeFiles/Makefile2:137: CMakeFiles/control.dir/all] Error 2
make: *** [Makefile:146: all] Error 2
