[33mCMake Warning (dev) at /opt/ros/foxy/share/ament_cmake_core/cmake/core/python.cmake:22 (find_package):
  Policy CMP0148 is not set: The FindPythonInterp and FindPythonLibs modules
  are removed.  Run "cmake --help-policy CMP0148" for policy details.  Use
  the cmake_policy command to set the policy and suppress this warning.

Call Stack (most recent call first):
  /opt/ros/foxy/share/ament_cmake_core/cmake/core/all.cmake:53 (include)
  /opt/ros/foxy/share/ament_cmake_core/cmake/ament_cmake_core-extras.cmake:17 (include)
  /opt/ros/foxy/share/ament_cmake_core/cmake/ament_cmake_coreConfig.cmake:41 (include)
  /opt/ros/foxy/share/ament_cmake/cmake/ament_cmake_export_dependencies-extras.cmake:15 (find_package)
  /opt/ros/foxy/share/ament_cmake/cmake/ament_cmakeConfig.cmake:41 (include)
  CMakeLists.txt:19 (find_package)
This warning is for project developers.  Use -Wno-dev to suppress it.
[0m
[01m[K/home/gusti/FinalProjectBayucaraka24/src/control/src/control.cpp:[m[K In member function â€˜[01m[Kvoid MyNode::timer_callback(griddata::msg::GameState_<std::allocator<void> >::SharedPtr)[m[Kâ€™:
[01m[K/home/gusti/FinalProjectBayucaraka24/src/control/src/control.cpp:123:21:[m[K [01;31m[Kerror: [m[Kâ€˜[01m[Kusing element_type = struct griddata::msg::GameState_<std::allocator<void> >[m[Kâ€™ {aka â€˜[01m[Kstruct griddata::msg::GameState_<std::allocator<void> >[m[Kâ€™} has no member named â€˜[01m[Kover[m[Kâ€™
  123 |             if(msg->[01;31m[Kover[m[K){
      |                     [01;31m[K^~~~[m[K
[01m[K/home/gusti/FinalProjectBayucaraka24/src/control/src/control.cpp:124:25:[m[K [01;31m[Kerror: [m[Kâ€˜[01m[Kusing element_type = struct griddata::msg::GameState_<std::allocator<void> >[m[Kâ€™ {aka â€˜[01m[Kstruct griddata::msg::GameState_<std::allocator<void> >[m[Kâ€™} has no member named â€˜[01m[Kgameturn[m[Kâ€™
  124 |                 if(msg->[01;31m[Kgameturn[m[K % 2 == 0){
      |                         [01;31m[K^~~~~~~~[m[K
make[2]: *** [CMakeFiles/control.dir/build.make:76: CMakeFiles/control.dir/src/control.cpp.o] Error 1
make[1]: *** [CMakeFiles/Makefile2:137: CMakeFiles/control.dir/all] Error 2
make: *** [Makefile:146: all] Error 2
